<?xml version="1.0" encoding="UTF-8"?>
<!-- Generated by org.testng.reporters.JUnitReportReporter -->
<testsuite hostname="G3-PC-02" failures="0" tests="1" name="Test_Package.Parent_Login" time="1.123" errors="0" timestamp="2025-09-25T11:44:01 IST" skipped="0">
  <testcase classname="Test_Package.Parent_Login" name="Testing" time="1.123"/>
</testsuite> <!-- Test_Package.Parent_Login -->
