<?xml version="1.0" encoding="UTF-8"?>
<!-- Generated by org.testng.reporters.JUnitReportReporter -->
<testsuite hostname="G3-PC-02" failures="0" tests="1" name="login_pages_test.Login_Test" time="2.631" errors="0" timestamp="2025-10-06T13:27:42 IST" skipped="0">
  <testcase classname="login_pages_test.Login_Test" name="Verify_Validation_Messege" time="2.631"/>
</testsuite> <!-- login_pages_test.Login_Test -->
