<?xml version="1.0" encoding="UTF-8"?>
<!-- Generated by org.testng.reporters.JUnitReportReporter -->
<testsuite hostname="G3-PC-02" failures="0" tests="1" name="login_pages_test.ForgotPassword_Test" time="9.757" errors="0" timestamp="2025-10-06T15:40:55 IST" skipped="0">
  <testcase classname="login_pages_test.ForgotPassword_Test" name="Verify_Resetpassword_link_is_sent" time="9.757"/>
</testsuite> <!-- login_pages_test.ForgotPassword_Test -->
