<?xml version="1.0" encoding="UTF-8"?>
<!-- Generated by org.testng.reporters.JUnitReportReporter -->
<testsuite hostname="G3-PC-02" failures="0" tests="1" name="Test_Package.Forgot_test" time="9.621" errors="0" timestamp="2025-09-25T11:47:10 IST" skipped="0">
  <testcase classname="Test_Package.Forgot_test" name="Forgotpassword" time="9.621"/>
</testsuite> <!-- Test_Package.Forgot_test -->
