<?xml version="1.0" encoding="UTF-8"?>
<!-- Generated by org.testng.reporters.JUnitReportReporter -->
<testsuite hostname="G3-PC-02" failures="0" tests="1" name="basepack.Initial_Step" time="0.012" errors="0" timestamp="2025-09-23T16:30:13 IST" skipped="0">
  <testcase classname="basepack.Initial_Step" name="test" time="0.012"/>
</testsuite> <!-- basepack.Initial_Step -->
